<?xml version="1.0" encoding="UTF-8"?>
<coverage generated="1616793533079" clover="3.2.0">
  <project timestamp="1616793533079" name="All files">
    <metrics statements="36" coveredstatements="35" conditionals="18" coveredconditionals="17" methods="7" coveredmethods="7" elements="61" coveredelements="59" complexity="0" loc="36" ncloc="36" packages="1" files="1" classes="1"/>
    <file name="index.ts" path="/home/tim/Desktop/coding-challenges/src/Codewars/MoleculesToAtoms/index.ts">
      <metrics statements="36" coveredstatements="35" conditionals="18" coveredconditionals="17" methods="7" coveredmethods="7"/>
      <line num="5" count="1" type="stmt"/>
      <line num="12" count="5" type="cond" truecount="2" falsecount="0"/>
      <line num="13" count="4" type="stmt"/>
      <line num="17" count="5" type="stmt"/>
      <line num="18" count="10" type="cond" truecount="2" falsecount="0"/>
      <line num="19" count="10" type="stmt"/>
      <line num="25" count="10" type="stmt"/>
      <line num="27" count="20" type="stmt"/>
      <line num="28" count="1" type="stmt"/>
      <line num="29" count="10" type="stmt"/>
      <line num="30" count="10" type="cond" truecount="2" falsecount="0"/>
      <line num="33" count="1" type="stmt"/>
      <line num="34" count="10" type="stmt"/>
      <line num="35" count="10" type="stmt"/>
      <line num="36" count="20" type="stmt"/>
      <line num="37" count="20" type="stmt"/>
      <line num="38" count="20" type="cond" truecount="2" falsecount="0"/>
      <line num="39" count="10" type="stmt"/>
      <line num="40" count="10" type="stmt"/>
      <line num="41" count="10" type="cond" truecount="2" falsecount="0"/>
      <line num="42" count="10" type="stmt"/>
      <line num="43" count="10" type="cond" truecount="2" falsecount="0"/>
      <line num="44" count="5" type="stmt"/>
      <line num="45" count="5" type="stmt"/>
      <line num="46" count="5" type="stmt"/>
      <line num="47" count="5" type="cond" truecount="3" falsecount="1"/>
      <line num="48" count="5" type="stmt"/>
      <line num="49" count="5" type="stmt"/>
      <line num="50" count="5" type="stmt"/>
      <line num="51" count="5" type="cond" truecount="2" falsecount="0"/>
      <line num="52" count="5" type="stmt"/>
      <line num="53" count="5" type="stmt"/>
      <line num="54" count="0" type="stmt"/>
      <line num="57" count="5" type="stmt"/>
      <line num="60" count="1" type="stmt"/>
      <line num="61" count="5" type="stmt"/>
    </file>
  </project>
</coverage>
