{"/home/tim/Desktop/coding-challenges/src/Codewars/MoleculesToAtoms/index.ts": {"path":"/home/tim/Desktop/coding-challenges/src/Codewars/MoleculesToAtoms/index.ts","statementMap":{"0":{"start":{"line":5,"column":39},"end":{"line":9,"column":null}},"1":{"start":{"line":12,"column":2},"end":{"line":12,"column":26}},"2":{"start":{"line":12,"column":20},"end":{"line":12,"column":26}},"3":{"start":{"line":13,"column":2},"end":{"line":13,"column":null}},"4":{"start":{"line":13,"column":44},"end":{"line":13,"column":null}},"5":{"start":{"line":17,"column":2},"end":{"line":20,"column":null}},"6":{"start":{"line":18,"column":4},"end":{"line":18,"column":null}},"7":{"start":{"line":19,"column":4},"end":{"line":19,"column":null}},"8":{"start":{"line":25,"column":16},"end":{"line":25,"column":66}},"9":{"start":{"line":25,"column":33},"end":{"line":25,"column":66}},"10":{"start":{"line":27,"column":15},"end":{"line":27,"column":81}},"11":{"start":{"line":27,"column":41},"end":{"line":27,"column":81}},"12":{"start":{"line":28,"column":16},"end":{"line":31,"column":1}},"13":{"start":{"line":29,"column":34},"end":{"line":29,"column":89}},"14":{"start":{"line":30,"column":2},"end":{"line":30,"column":null}},"15":{"start":{"line":34,"column":25},"end":{"line":34,"column":27}},"16":{"start":{"line":35,"column":2},"end":{"line":55,"column":null}},"17":{"start":{"line":35,"column":15},"end":{"line":35,"column":16}},"18":{"start":{"line":36,"column":16},"end":{"line":36,"column":32}},"19":{"start":{"line":37,"column":17},"end":{"line":37,"column":34}},"20":{"start":{"line":38,"column":4},"end":{"line":54,"column":null}},"21":{"start":{"line":39,"column":36},"end":{"line":39,"column":48}},"22":{"start":{"line":40,"column":6},"end":{"line":40,"column":null}},"23":{"start":{"line":41,"column":6},"end":{"line":41,"column":null}},"24":{"start":{"line":42,"column":6},"end":{"line":42,"column":null}},"25":{"start":{"line":43,"column":11},"end":{"line":54,"column":null}},"26":{"start":{"line":44,"column":29},"end":{"line":44,"column":62}},"27":{"start":{"line":45,"column":6},"end":{"line":45,"column":null}},"28":{"start":{"line":46,"column":6},"end":{"line":46,"column":null}},"29":{"start":{"line":47,"column":11},"end":{"line":54,"column":null}},"30":{"start":{"line":48,"column":19},"end":{"line":48,"column":39}},"31":{"start":{"line":49,"column":22},"end":{"line":49,"column":63}},"32":{"start":{"line":50,"column":16},"end":{"line":50,"column":36}},"33":{"start":{"line":51,"column":16},"end":{"line":51,"column":42}},"34":{"start":{"line":52,"column":6},"end":{"line":52,"column":null}},"35":{"start":{"line":53,"column":6},"end":{"line":53,"column":null}},"36":{"start":{"line":54,"column":11},"end":{"line":54,"column":null}},"37":{"start":{"line":57,"column":2},"end":{"line":57,"column":null}},"38":{"start":{"line":33,"column":0},"end":{"line":33,"column":16}},"39":{"start":{"line":61,"column":2},"end":{"line":61,"column":null}},"40":{"start":{"line":60,"column":0},"end":{"line":60,"column":16}}},"fnMap":{"0":{"name":"multiplyObjectValues","decl":{"start":{"line":11,"column":9},"end":{"line":11,"column":29}},"loc":{"start":{"line":11,"column":73},"end":{"line":14,"column":1}}},"1":{"name":"addObjectValues","decl":{"start":{"line":16,"column":9},"end":{"line":16,"column":24}},"loc":{"start":{"line":16,"column":83},"end":{"line":21,"column":1}}},"2":{"name":"(anonymous_2)","decl":{"start":{"line":25,"column":16},"end":{"line":25,"column":17}},"loc":{"start":{"line":25,"column":33},"end":{"line":25,"column":66}}},"3":{"name":"(anonymous_3)","decl":{"start":{"line":27,"column":15},"end":{"line":27,"column":16}},"loc":{"start":{"line":27,"column":41},"end":{"line":27,"column":81}}},"4":{"name":"(anonymous_4)","decl":{"start":{"line":28,"column":16},"end":{"line":28,"column":17}},"loc":{"start":{"line":28,"column":79},"end":{"line":31,"column":1}}},"5":{"name":"parse","decl":{"start":{"line":33,"column":16},"end":{"line":33,"column":21}},"loc":{"start":{"line":33,"column":60},"end":{"line":58,"column":1}}},"6":{"name":"parseMolecule","decl":{"start":{"line":60,"column":16},"end":{"line":60,"column":29}},"loc":{"start":{"line":60,"column":45},"end":{"line":62,"column":1}}}},"branchMap":{"0":{"loc":{"start":{"line":12,"column":2},"end":{"line":12,"column":26}},"type":"if","locations":[{"start":{"line":12,"column":2},"end":{"line":12,"column":26}},{"start":{"line":12,"column":2},"end":{"line":12,"column":26}}]},"1":{"loc":{"start":{"line":18,"column":4},"end":{"line":18,"column":16}},"type":"binary-expr","locations":[{"start":{"line":18,"column":4},"end":{"line":18,"column":16}},{"start":{"line":18,"column":4},"end":{"line":18,"column":17}}]},"2":{"loc":{"start":{"line":30,"column":28},"end":{"line":30,"column":33}},"type":"binary-expr","locations":[{"start":{"line":30,"column":28},"end":{"line":30,"column":33}},{"start":{"line":30,"column":37},"end":{"line":30,"column":40}}]},"3":{"loc":{"start":{"line":38,"column":4},"end":{"line":54,"column":null}},"type":"if","locations":[{"start":{"line":38,"column":4},"end":{"line":54,"column":null}},{"start":{"line":38,"column":4},"end":{"line":54,"column":null}}]},"4":{"loc":{"start":{"line":41,"column":6},"end":{"line":41,"column":23}},"type":"binary-expr","locations":[{"start":{"line":41,"column":6},"end":{"line":41,"column":23}},{"start":{"line":41,"column":6},"end":{"line":41,"column":24}}]},"5":{"loc":{"start":{"line":43,"column":11},"end":{"line":54,"column":null}},"type":"if","locations":[{"start":{"line":43,"column":11},"end":{"line":54,"column":null}},{"start":{"line":43,"column":11},"end":{"line":54,"column":null}}]},"6":{"loc":{"start":{"line":47,"column":11},"end":{"line":54,"column":null}},"type":"if","locations":[{"start":{"line":47,"column":11},"end":{"line":54,"column":null}},{"start":{"line":47,"column":11},"end":{"line":54,"column":null}}]},"7":{"loc":{"start":{"line":47,"column":15},"end":{"line":47,"column":27}},"type":"binary-expr","locations":[{"start":{"line":47,"column":15},"end":{"line":47,"column":27}},{"start":{"line":47,"column":31},"end":{"line":47,"column":52}}]},"8":{"loc":{"start":{"line":51,"column":25},"end":{"line":51,"column":30}},"type":"binary-expr","locations":[{"start":{"line":51,"column":25},"end":{"line":51,"column":30}},{"start":{"line":51,"column":34},"end":{"line":51,"column":37}}]}},"s":{"0":1,"1":5,"2":3,"3":2,"4":4,"5":5,"6":10,"7":10,"8":1,"9":10,"10":1,"11":20,"12":1,"13":10,"14":10,"15":10,"16":10,"17":10,"18":20,"19":20,"20":20,"21":10,"22":10,"23":10,"24":10,"25":10,"26":5,"27":5,"28":5,"29":5,"30":5,"31":5,"32":5,"33":5,"34":5,"35":5,"36":0,"37":5,"38":1,"39":5,"40":1},"f":{"0":5,"1":5,"2":10,"3":20,"4":10,"5":10,"6":5},"b":{"0":[3,2],"1":[10,10],"2":[10,1],"3":[10,10],"4":[10,10],"5":[5,5],"6":[5,0],"7":[5,5],"8":[5,3]}}
}
