TN:
SF:src/Codewars/MoleculesToAtoms/index.ts
FN:11,multiplyObjectValues
FN:16,addObjectValues
FN:25,(anonymous_2)
FN:27,(anonymous_3)
FN:28,(anonymous_4)
FN:33,parse
FN:60,parseMolecule
FNF:7
FNH:7
FNDA:5,multiplyObjectValues
FNDA:5,addObjectValues
FNDA:10,(anonymous_2)
FNDA:20,(anonymous_3)
FNDA:10,(anonymous_4)
FNDA:10,parse
FNDA:5,parseMolecule
DA:5,1
DA:12,5
DA:13,4
DA:17,5
DA:18,10
DA:19,10
DA:25,10
DA:27,20
DA:28,1
DA:29,10
DA:30,10
DA:33,1
DA:34,10
DA:35,10
DA:36,20
DA:37,20
DA:38,20
DA:39,10
DA:40,10
DA:41,10
DA:42,10
DA:43,10
DA:44,5
DA:45,5
DA:46,5
DA:47,5
DA:48,5
DA:49,5
DA:50,5
DA:51,5
DA:52,5
DA:53,5
DA:54,0
DA:57,5
DA:60,1
DA:61,5
LF:36
LH:35
BRDA:12,0,0,3
BRDA:12,0,1,2
BRDA:18,1,0,10
BRDA:18,1,1,10
BRDA:30,2,0,10
BRDA:30,2,1,1
BRDA:38,3,0,10
BRDA:38,3,1,10
BRDA:41,4,0,10
BRDA:41,4,1,10
BRDA:43,5,0,5
BRDA:43,5,1,5
BRDA:47,6,0,5
BRDA:47,6,1,0
BRDA:47,7,0,5
BRDA:47,7,1,5
BRDA:51,8,0,5
BRDA:51,8,1,3
BRF:18
BRH:17
end_of_record
